2025-09-20 03:15:52,632 - __main__ - ERROR - ファイル sample1.xlsx の読み取りエラー: [WinError 32] プロセスはファイルにアクセスできません。別のプロセスが使用中です。: 'C:\\Users\\vinta\\AppData\\Local\\Temp\\tmp_nwy80vl.xlsx'
2025-09-20 03:20:40,168 - __main__ - ERROR - ファイル sample1.xlsx の読み取りエラー: [WinError 32] プロセスはファイルにアクセスできません。別のプロセスが使用中です。: 'C:\\Users\\vinta\\AppData\\Local\\Temp\\tmphcetw9bk.xlsx'
2025-09-20 03:23:59,843 - __main__ - ERROR - ファイル sample1.xlsx の読み取りエラー: [WinError 32] プロセスはファイルにアクセスできません。別のプロセスが使用中です。: 'C:\\Users\\vinta\\AppData\\Local\\Temp\\tmp9kqn9uje.xlsx'
2025-09-20 03:24:58,962 - __main__ - ERROR - ファイル sample1.xlsx の読み取りエラー: [WinError 32] プロセスはファイルにアクセスできません。別のプロセスが使用中です。: 'C:\\Users\\vinta\\AppData\\Local\\Temp\\tmp280ueg0s.xlsx'
2025-09-20 03:25:25,738 - __main__ - ERROR - ファイル sample1.xlsx の読み取りエラー: [WinError 32] プロセスはファイルにアクセスできません。別のプロセスが使用中です。: 'C:\\Users\\vinta\\AppData\\Local\\Temp\\tmph38yq7er.xlsx'
2025-09-20 03:25:37,185 - __main__ - ERROR - ファイル sample1.xlsx の読み取りエラー: [WinError 32] プロセスはファイルにアクセスできません。別のプロセスが使用中です。: 'C:\\Users\\vinta\\AppData\\Local\\Temp\\tmpxlmtq_e6.xlsx'
2025-09-20 03:25:52,527 - __main__ - ERROR - ファイル sample1.xlsx の読み取りエラー: [WinError 32] プロセスはファイルにアクセスできません。別のプロセスが使用中です。: 'C:\\Users\\vinta\\AppData\\Local\\Temp\\tmpa6144ylt.xlsx'
2025-09-20 03:27:56,039 - __main__ - ERROR - ファイル sample1.xlsx の読み取りエラー: [WinError 32] プロセスはファイルにアクセスできません。別のプロセスが使用中です。: 'C:\\Users\\vinta\\AppData\\Local\\Temp\\tmpn9zja_hl.xlsx'
2025-09-20 03:28:00,599 - __main__ - ERROR - ファイル sample1.xlsx の読み取りエラー: [WinError 32] プロセスはファイルにアクセスできません。別のプロセスが使用中です。: 'C:\\Users\\vinta\\AppData\\Local\\Temp\\tmps3ty80xj.xlsx'
2025-09-20 03:30:02,953 - app.server.excel_reader - INFO - Excelファイル読み取り開始: sample1.xlsx (サイズ: 14437 bytes)
2025-09-20 03:30:02,975 - app.server.excel_reader - INFO - 対象シート発見: ['テスト項目1']
2025-09-20 03:30:02,977 - app.server.excel_reader - INFO - Excelファイル読み取り完了: sample1.xlsx (シート数: 1)
2025-09-20 03:30:02,977 - __main__ - WARNING - ファイル削除失敗（権限エラー）: C:\Users\vinta\AppData\Local\Temp\tmpacna_grn.xlsx - 試行 1/3
2025-09-20 03:30:03,078 - __main__ - WARNING - ファイル削除失敗（権限エラー）: C:\Users\vinta\AppData\Local\Temp\tmpacna_grn.xlsx - 試行 2/3
2025-09-20 03:30:03,279 - __main__ - ERROR - ファイル削除最終失敗（権限エラー）: C:\Users\vinta\AppData\Local\Temp\tmpacna_grn.xlsx - [WinError 32] プロセスはファイルにアクセスできません。別のプロセスが使用中です。: 'C:\\Users\\vinta\\AppData\\Local\\Temp\\tmpacna_grn.xlsx'
2025-09-20 03:31:20,774 - app.server.excel_reader - INFO - Excelファイル読み取り開始: sample1.xlsx (サイズ: 14437 bytes)
2025-09-20 03:31:20,797 - app.server.excel_reader - INFO - 対象シート発見: ['テスト項目1']
2025-09-20 03:31:20,798 - app.server.excel_reader - INFO - Excelファイル読み取り完了: sample1.xlsx (シート数: 1)
2025-09-20 03:31:20,799 - __main__ - WARNING - ファイル削除失敗（権限エラー）: C:\Users\vinta\AppData\Local\Temp\tmp1z_4tngo.xlsx - 試行 1/5
2025-09-20 03:31:20,999 - __main__ - WARNING - ファイル削除失敗（権限エラー）: C:\Users\vinta\AppData\Local\Temp\tmp1z_4tngo.xlsx - 試行 2/5
2025-09-20 03:31:21,400 - __main__ - WARNING - ファイル削除失敗（権限エラー）: C:\Users\vinta\AppData\Local\Temp\tmp1z_4tngo.xlsx - 試行 3/5
2025-09-20 03:31:22,001 - __main__ - WARNING - ファイル削除失敗（権限エラー）: C:\Users\vinta\AppData\Local\Temp\tmp1z_4tngo.xlsx - 試行 4/5
2025-09-20 03:31:22,802 - __main__ - ERROR - ファイル削除最終失敗（権限エラー）: C:\Users\vinta\AppData\Local\Temp\tmp1z_4tngo.xlsx - [WinError 32] プロセスはファイルにアクセスできません。別のプロセスが使用中です。: 'C:\\Users\\vinta\\AppData\\Local\\Temp\\tmp1z_4tngo.xlsx'
2025-09-20 03:33:14,197 - app.server.excel_reader - INFO - Excelファイル読み取り開始: sample1.xlsx (サイズ: 14437 bytes)
2025-09-20 03:33:14,208 - app.server.excel_reader - INFO - 対象シート発見: ['テスト項目1']
2025-09-20 03:33:14,209 - app.server.excel_reader - INFO - Excelファイル読み取り完了: sample1.xlsx (シート数: 1)
2025-09-20 03:33:31,573 - app.server.excel_reader - INFO - Excelファイル読み取り開始: sample1.xlsx (サイズ: 14437 bytes)
2025-09-20 03:33:31,583 - app.server.excel_reader - INFO - 対象シート発見: ['テスト項目1']
2025-09-20 03:33:31,584 - app.server.excel_reader - INFO - Excelファイル読み取り完了: sample1.xlsx (シート数: 1)
2025-09-20 03:36:16,338 - app.server.excel_reader - INFO - Excelファイル読み取り開始: sample1.xlsx (サイズ: 14437 bytes)
2025-09-20 03:36:16,348 - app.server.excel_reader - INFO - 対象シート発見: ['テスト項目1']
2025-09-20 03:36:16,349 - app.server.excel_reader - INFO - Excelファイル読み取り完了: sample1.xlsx (シート数: 1)
2025-09-20 03:36:31,991 - app.server.excel_reader - INFO - Excelファイル読み取り開始: sample1.xlsx (サイズ: 14437 bytes)
2025-09-20 03:36:32,001 - app.server.excel_reader - INFO - 対象シート発見: ['テスト項目1']
2025-09-20 03:36:32,002 - app.server.excel_reader - INFO - Excelファイル読み取り完了: sample1.xlsx (シート数: 1)
2025-09-20 03:36:32,003 - app.server.excel_reader - INFO - Excelファイル読み取り開始: sample1 - コピー.xlsx (サイズ: 14437 bytes)
2025-09-20 03:36:32,012 - app.server.excel_reader - INFO - 対象シート発見: ['テスト項目1']
2025-09-20 03:36:32,012 - app.server.excel_reader - INFO - Excelファイル読み取り完了: sample1 - コピー.xlsx (シート数: 1)
2025-09-20 03:36:32,012 - app.server.excel_reader - INFO - Excelファイル読み取り開始: sample1.xlsx (サイズ: 14437 bytes)
2025-09-20 03:36:32,024 - app.server.excel_reader - INFO - 対象シート発見: ['テスト項目1']
2025-09-20 03:36:32,025 - app.server.excel_reader - INFO - Excelファイル読み取り完了: sample1.xlsx (シート数: 1)
2025-09-20 03:37:30,316 - app.server.excel_reader - INFO - Excelファイル読み取り開始: sample1 - コピー.xlsx (サイズ: 14437 bytes)
2025-09-20 03:37:30,326 - app.server.excel_reader - INFO - 対象シート発見: ['テスト項目1']
2025-09-20 03:37:30,327 - app.server.excel_reader - INFO - Excelファイル読み取り完了: sample1 - コピー.xlsx (シート数: 1)
2025-09-20 03:38:34,898 - app.server.excel_reader - INFO - Excelファイル読み取り開始: sample1 - コピー.xlsx (サイズ: 14437 bytes)
2025-09-20 03:38:34,908 - app.server.excel_reader - INFO - 対象シート発見: ['テスト項目1']
2025-09-20 03:38:34,908 - app.server.excel_reader - INFO - Excelファイル読み取り完了: sample1 - コピー.xlsx (シート数: 1)
